<?xml version="1.0" encoding="UTF-8"?>
<testsuite xmlns:xsi="http://www.w3.org/2001/XMLSchema-instance" xsi:noNamespaceSchemaLocation="https://maven.apache.org/surefire/maven-surefire-plugin/xsd/surefire-test-report.xsd" name="com.vtxlab.bootcamp.AppTest" time="0.039" tests="1" errors="0" skipped="0" failures="0">
  <properties>
    <property name="java.specification.version" value="17"/>
    <property name="sun.cpu.isalist" value="amd64"/>
    <property name="sun.jnu.encoding" value="MS950"/>
    <property name="java.class.path" value="C:\Users\Charlesbombor\OneDrive\桌面\bootcamp\bootcamp-demo-junit\target\test-classes;C:\Users\Charlesbombor\OneDrive\桌面\bootcamp\bootcamp-demo-junit\target\classes;C:\Users\Charlesbombor\.m2\repository\junit\junit\4.11\junit-4.11.jar;C:\Users\Charlesbombor\.m2\repository\org\hamcrest\hamcrest-core\1.3\hamcrest-core-1.3.jar;C:\Users\Charlesbombor\.m2\repository\org\projectlombok\lombok\1.18.30\lombok-1.18.30.jar;"/>
    <property name="java.vm.vendor" value="Azul Systems, Inc."/>
    <property name="sun.arch.data.model" value="64"/>
    <property name="user.variant" value=""/>
    <property name="java.vendor.url" value="http://www.azul.com/"/>
    <property name="user.timezone" value="GMT+08:00"/>
    <property name="os.name" value="Windows 10"/>
    <property name="java.vm.specification.version" value="17"/>
    <property name="sun.java.launcher" value="SUN_STANDARD"/>
    <property name="user.country" value="HK"/>
    <property name="sun.boot.library.path" value="C:\Users\Charlesbombor\OneDrive\桌面\zulu17.46.19-ca-jdk17.0.9-win_x64\zulu17.46.19-ca-jdk17.0.9-win_x64\bin"/>
    <property name="sun.java.command" value="C:\Users\CHARLE~1\AppData\Local\Temp\surefire14285706140003582340\surefirebooter11090162036153018605.jar C:\Users\Charlesbombor\AppData\Local\Temp\surefire14285706140003582340 2024-01-18T15-00-24_525-jvmRun1 surefire11520556337551434166tmp surefire_08367433650890972095tmp"/>
    <property name="jdk.debug" value="release"/>
    <property name="surefire.test.class.path" value="C:\Users\Charlesbombor\OneDrive\桌面\bootcamp\bootcamp-demo-junit\target\test-classes;C:\Users\Charlesbombor\OneDrive\桌面\bootcamp\bootcamp-demo-junit\target\classes;C:\Users\Charlesbombor\.m2\repository\junit\junit\4.11\junit-4.11.jar;C:\Users\Charlesbombor\.m2\repository\org\hamcrest\hamcrest-core\1.3\hamcrest-core-1.3.jar;C:\Users\Charlesbombor\.m2\repository\org\projectlombok\lombok\1.18.30\lombok-1.18.30.jar;"/>
    <property name="sun.cpu.endian" value="little"/>
    <property name="user.home" value="C:\Users\Charlesbombor"/>
    <property name="user.language" value="zh"/>
    <property name="java.specification.vendor" value="Oracle Corporation"/>
    <property name="java.version.date" value="2023-10-17"/>
    <property name="java.home" value="C:\Users\Charlesbombor\OneDrive\桌面\zulu17.46.19-ca-jdk17.0.9-win_x64\zulu17.46.19-ca-jdk17.0.9-win_x64"/>
    <property name="file.separator" value="\"/>
    <property name="basedir" value="C:\Users\Charlesbombor\OneDrive\桌面\bootcamp\bootcamp-demo-junit"/>
    <property name="java.vm.compressedOopsMode" value="Zero based"/>
    <property name="line.separator" value="&#10;"/>
    <property name="java.vm.specification.vendor" value="Oracle Corporation"/>
    <property name="java.specification.name" value="Java Platform API Specification"/>
    <property name="surefire.real.class.path" value="C:\Users\CHARLE~1\AppData\Local\Temp\surefire14285706140003582340\surefirebooter11090162036153018605.jar"/>
    <property name="user.script" value=""/>
    <property name="sun.management.compiler" value="HotSpot 64-Bit Tiered Compilers"/>
    <property name="java.runtime.version" value="17.0.9+8-LTS"/>
    <property name="user.name" value="Charlesbombor"/>
    <property name="path.separator" value=";"/>
    <property name="os.version" value="10.0"/>
    <property name="java.runtime.name" value="OpenJDK Runtime Environment"/>
    <property name="file.encoding" value="MS950"/>
    <property name="java.vm.name" value="OpenJDK 64-Bit Server VM"/>
    <property name="java.vendor.version" value="Zulu17.46+19-CA"/>
    <property name="localRepository" value="C:\Users\Charlesbombor\.m2\repository"/>
    <property name="java.vendor.url.bug" value="http://www.azul.com/support/"/>
    <property name="java.io.tmpdir" value="C:\Users\CHARLE~1\AppData\Local\Temp\"/>
    <property name="java.version" value="17.0.9"/>
    <property name="user.dir" value="C:\Users\Charlesbombor\OneDrive\桌面\bootcamp\bootcamp-demo-junit"/>
    <property name="os.arch" value="amd64"/>
    <property name="java.vm.specification.name" value="Java Virtual Machine Specification"/>
    <property name="sun.os.patch.level" value=""/>
    <property name="native.encoding" value="MS950"/>
    <property name="java.library.path" value="C:\Users\Charlesbombor\OneDrive\桌面\zulu17.46.19-ca-jdk17.0.9-win_x64\zulu17.46.19-ca-jdk17.0.9-win_x64\bin;C:\windows\Sun\Java\bin;C:\windows\system32;C:\windows;C:\Users\Charlesbombor\bin;C:\Program Files\Git\mingw64\bin;C:\Program Files\Git\usr\local\bin;C:\Program Files\Git\usr\bin;C:\Program Files\Git\usr\bin;C:\Program Files\Git\mingw64\bin;C:\Program Files\Git\usr\bin;C:\Users\Charlesbombor\bin;C:\windows\system32;C:\windows;C:\windows\System32\Wbem;C:\windows\System32\WindowsPowerShell\v1.0;C:\windows\System32\OpenSSH;C:\Users\Charlesbombor\OneDrive\桌面\zulu17.46.19-ca-jdk17.0.9-win_x64\zulu17.46.19-ca-jdk17.0.9-win_x64\bin;C:\Program Files\Git\cmd;C:\Users\Charlesbombor\OneDrive\桌面\apache-maven-3.9.5-bin\apache-maven-3.9.5\bin;C:\Users\Charlesbombor\AppData\Local\Programs\Microsoft VS Code\bin;C:\Program Files\MySQL\MySQL Shell 8.0\bin;C:\Users\Charlesbombor\AppData\Local\Microsoft\WindowsApps;C:\Users\Charlesbombor\AppData\Local\Programs\Microsoft VS Code\bin;C:\Program Files\Git\usr\bin\vendor_perl;C:\Program Files\Git\usr\bin\core_perl;."/>
    <property name="java.vm.info" value="mixed mode, sharing"/>
    <property name="java.vendor" value="Azul Systems, Inc."/>
    <property name="java.vm.version" value="17.0.9+8-LTS"/>
    <property name="sun.io.unicode.encoding" value="UnicodeLittle"/>
    <property name="java.class.version" value="61.0"/>
  </properties>
  <testcase name="shouldAnswerWithTrue" classname="com.vtxlab.bootcamp.AppTest" time="0.002"/>
</testsuite>